<?xml version="1.0" encoding="UTF-8"?>
<!-- Generated by org.testng.reporters.JUnitReportReporter -->
<testsuite hostname="Rocky" failures="0" tests="3" name="com.demowebshop.testscript.LoginTest" time="34.391" errors="0" timestamp="2023-06-23T07:16:21 IST" skipped="0">
  <testcase classname="com.demowebshop.testscript.LoginTest" name="tc_002_verifyInvalidLoginErrorMessage" time="9.450"/>
  <system-out/>
  <testcase classname="com.demowebshop.testscript.LoginTest" name="tc_002_verifyInvalidLoginErrorMessage" time="14.938"/>
  <system-out/>
  <testcase classname="com.demowebshop.testscript.LoginTest" name="tc_002_verifyInvalidLoginErrorMessage" time="10.003"/>
  <system-out/>
</testsuite> <!-- com.demowebshop.testscript.LoginTest -->
