<?xml version="1.0" encoding="UTF-8"?>
<!-- Generated by org.testng.reporters.JUnitReportReporter -->
<testsuite hostname="Rocky" failures="0" tests="1" name="com.demowebshop.testscript.HomeTest" time="35.201" errors="0" timestamp="2023-06-23T07:16:21 IST" skipped="0">
  <testcase classname="com.demowebshop.testscript.HomeTest" name="tc_001_verifySubcribeEmailMessage" time="35.201"/>
  <system-out/>
</testsuite> <!-- com.demowebshop.testscript.HomeTest -->
